2025-05-12 11:13:26.945  INFO 4358 --- [           main] o.e.gatewayvn.GatewayVnApplication       : Starting GatewayVnApplication using Java 1.8.0_371 on dafenqidebijibendiannao.local with PID 4358 (/Users/work/zsz/gateway-vn/gateway-vn/target/classes started by dafenqi in /Users/work/zsz/gateway-vn/gateway-vn)
2025-05-12 11:13:26.948  INFO 4358 --- [           main] o.e.gatewayvn.GatewayVnApplication       : No active profile set, falling back to 1 default profile: "default"
2025-05-12 11:13:28.043  WARN 4358 --- [           main] o.m.s.mapper.ClassPathMapperScanner      : No MyBatis mapper was found in '[org.example.gatewayvn]' package. Please check your configuration.
2025-05-12 11:13:28.548  INFO 4358 --- [           main] o.s.b.w.embedded.tomcat.TomcatWebServer  : Tomcat initialized with port(s): 1234 (http)
2025-05-12 11:13:28.556  INFO 4358 --- [           main] o.a.coyote.http11.Http11NioProtocol      : Initializing ProtocolHandler ["http-nio-1234"]
2025-05-12 11:13:28.556  INFO 4358 --- [           main] o.apache.catalina.core.StandardService   : Starting service [Tomcat]
2025-05-12 11:13:28.557  INFO 4358 --- [           main] org.apache.catalina.core.StandardEngine  : Starting Servlet engine: [Apache Tomcat/9.0.68]
2025-05-12 11:13:28.702  INFO 4358 --- [           main] o.a.c.c.C.[Tomcat].[localhost].[/]       : Initializing Spring embedded WebApplicationContext
2025-05-12 11:13:28.702  INFO 4358 --- [           main] w.s.c.ServletWebServerApplicationContext : Root WebApplicationContext: initialization completed in 1706 ms
2025-05-12 11:13:28.808  WARN 4358 --- [           main] ConfigServletWebServerApplicationContext : Exception encountered during context initialization - cancelling refresh attempt: org.springframework.beans.factory.BeanCreationException: Error creating bean with name 'activemqConfig': Injection of autowired dependencies failed; nested exception is java.lang.IllegalArgumentException: Could not resolve placeholder 'gateway.queue.target' in value "${gateway.queue.target}"
2025-05-12 11:13:28.812  INFO 4358 --- [           main] o.apache.catalina.core.StandardService   : Stopping service [Tomcat]
2025-05-12 11:13:28.840  INFO 4358 --- [           main] ConditionEvaluationReportLoggingListener : 

Error starting ApplicationContext. To display the conditions report re-run your application with 'debug' enabled.
2025-05-12 11:13:28.863 ERROR 4358 --- [           main] o.s.boot.SpringApplication               : Application run failed

org.springframework.beans.factory.BeanCreationException: Error creating bean with name 'activemqConfig': Injection of autowired dependencies failed; nested exception is java.lang.IllegalArgumentException: Could not resolve placeholder 'gateway.queue.target' in value "${gateway.queue.target}"
	at org.springframework.beans.factory.annotation.AutowiredAnnotationBeanPostProcessor.postProcessProperties(AutowiredAnnotationBeanPostProcessor.java:405)
	at org.springframework.beans.factory.support.AbstractAutowireCapableBeanFactory.populateBean(AbstractAutowireCapableBeanFactory.java:1431)
	at org.springframework.beans.factory.support.AbstractAutowireCapableBeanFactory.doCreateBean(AbstractAutowireCapableBeanFactory.java:619)
	at org.springframework.beans.factory.support.AbstractAutowireCapableBeanFactory.createBean(AbstractAutowireCapableBeanFactory.java:542)
	at org.springframework.beans.factory.support.AbstractBeanFactory.lambda$doGetBean$0(AbstractBeanFactory.java:335)
	at org.springframework.beans.factory.support.DefaultSingletonBeanRegistry.getSingleton(DefaultSingletonBeanRegistry.java:234)
	at org.springframework.beans.factory.support.AbstractBeanFactory.doGetBean(AbstractBeanFactory.java:333)
	at org.springframework.beans.factory.support.AbstractBeanFactory.getBean(AbstractBeanFactory.java:208)
	at org.springframework.beans.factory.support.DefaultListableBeanFactory.preInstantiateSingletons(DefaultListableBeanFactory.java:955)
	at org.springframework.context.support.AbstractApplicationContext.finishBeanFactoryInitialization(AbstractApplicationContext.java:918)
	at org.springframework.context.support.AbstractApplicationContext.refresh(AbstractApplicationContext.java:583)
	at org.springframework.boot.web.servlet.context.ServletWebServerApplicationContext.refresh(ServletWebServerApplicationContext.java:145)
	at org.springframework.boot.SpringApplication.refresh(SpringApplication.java:745)
	at org.springframework.boot.SpringApplication.refreshContext(SpringApplication.java:420)
	at org.springframework.boot.SpringApplication.run(SpringApplication.java:307)
	at org.springframework.boot.SpringApplication.run(SpringApplication.java:1317)
	at org.springframework.boot.SpringApplication.run(SpringApplication.java:1306)
	at org.example.gatewayvn.GatewayVnApplication.main(GatewayVnApplication.java:14)
Caused by: java.lang.IllegalArgumentException: Could not resolve placeholder 'gateway.queue.target' in value "${gateway.queue.target}"
	at org.springframework.util.PropertyPlaceholderHelper.parseStringValue(PropertyPlaceholderHelper.java:180)
	at org.springframework.util.PropertyPlaceholderHelper.replacePlaceholders(PropertyPlaceholderHelper.java:126)
	at org.springframework.core.env.AbstractPropertyResolver.doResolvePlaceholders(AbstractPropertyResolver.java:239)
	at org.springframework.core.env.AbstractPropertyResolver.resolveRequiredPlaceholders(AbstractPropertyResolver.java:210)
	at org.springframework.context.support.PropertySourcesPlaceholderConfigurer.lambda$processProperties$0(PropertySourcesPlaceholderConfigurer.java:191)
	at org.springframework.beans.factory.support.AbstractBeanFactory.resolveEmbeddedValue(AbstractBeanFactory.java:936)
	at org.springframework.beans.factory.support.DefaultListableBeanFactory.doResolveDependency(DefaultListableBeanFactory.java:1332)
	at org.springframework.beans.factory.support.DefaultListableBeanFactory.resolveDependency(DefaultListableBeanFactory.java:1311)
	at org.springframework.beans.factory.annotation.AutowiredAnnotationBeanPostProcessor$AutowiredFieldElement.resolveFieldValue(AutowiredAnnotationBeanPostProcessor.java:656)
	at org.springframework.beans.factory.annotation.AutowiredAnnotationBeanPostProcessor$AutowiredFieldElement.inject(AutowiredAnnotationBeanPostProcessor.java:639)
	at org.springframework.beans.factory.annotation.InjectionMetadata.inject(InjectionMetadata.java:119)
	at org.springframework.beans.factory.annotation.AutowiredAnnotationBeanPostProcessor.postProcessProperties(AutowiredAnnotationBeanPostProcessor.java:399)
	... 17 common frames omitted

2025-05-12 11:14:23.945  INFO 4792 --- [           main] o.e.gatewayvn.GatewayVnApplication       : Starting GatewayVnApplication using Java 1.8.0_371 on dafenqidebijibendiannao.local with PID 4792 (/Users/work/zsz/gateway-vn/gateway-vn/target/classes started by dafenqi in /Users/work/zsz/gateway-vn/gateway-vn)
2025-05-12 11:14:23.948  INFO 4792 --- [           main] o.e.gatewayvn.GatewayVnApplication       : No active profile set, falling back to 1 default profile: "default"
2025-05-12 11:14:24.962  WARN 4792 --- [           main] o.m.s.mapper.ClassPathMapperScanner      : No MyBatis mapper was found in '[org.example.gatewayvn]' package. Please check your configuration.
2025-05-12 11:14:25.503  INFO 4792 --- [           main] o.s.b.w.embedded.tomcat.TomcatWebServer  : Tomcat initialized with port(s): 1234 (http)
2025-05-12 11:14:25.510  INFO 4792 --- [           main] o.a.coyote.http11.Http11NioProtocol      : Initializing ProtocolHandler ["http-nio-1234"]
2025-05-12 11:14:25.510  INFO 4792 --- [           main] o.apache.catalina.core.StandardService   : Starting service [Tomcat]
2025-05-12 11:14:25.510  INFO 4792 --- [           main] org.apache.catalina.core.StandardEngine  : Starting Servlet engine: [Apache Tomcat/9.0.68]
2025-05-12 11:14:25.661  INFO 4792 --- [           main] o.a.c.c.C.[Tomcat].[localhost].[/]       : Initializing Spring embedded WebApplicationContext
2025-05-12 11:14:25.661  INFO 4792 --- [           main] w.s.c.ServletWebServerApplicationContext : Root WebApplicationContext: initialization completed in 1667 ms
2025-05-12 11:14:25.733  INFO 4792 --- [           main] o.e.g.configuration.ActivemqConfig       : ActiveMQ Queue Name: default-queue-name
2025-05-12 11:14:25.796  WARN 4792 --- [           main] ConfigServletWebServerApplicationContext : Exception encountered during context initialization - cancelling refresh attempt: org.springframework.beans.factory.BeanCreationException: Error creating bean with name 'dataController': Injection of autowired dependencies failed; nested exception is java.lang.IllegalArgumentException: Could not resolve placeholder 'gateway.queue.target' in value "${gateway.queue.target}"
2025-05-12 11:14:25.799  INFO 4792 --- [           main] o.apache.catalina.core.StandardService   : Stopping service [Tomcat]
2025-05-12 11:14:25.824  INFO 4792 --- [           main] ConditionEvaluationReportLoggingListener : 

Error starting ApplicationContext. To display the conditions report re-run your application with 'debug' enabled.
2025-05-12 11:14:25.839 ERROR 4792 --- [           main] o.s.boot.SpringApplication               : Application run failed

org.springframework.beans.factory.BeanCreationException: Error creating bean with name 'dataController': Injection of autowired dependencies failed; nested exception is java.lang.IllegalArgumentException: Could not resolve placeholder 'gateway.queue.target' in value "${gateway.queue.target}"
	at org.springframework.beans.factory.annotation.AutowiredAnnotationBeanPostProcessor.postProcessProperties(AutowiredAnnotationBeanPostProcessor.java:405)
	at org.springframework.beans.factory.support.AbstractAutowireCapableBeanFactory.populateBean(AbstractAutowireCapableBeanFactory.java:1431)
	at org.springframework.beans.factory.support.AbstractAutowireCapableBeanFactory.doCreateBean(AbstractAutowireCapableBeanFactory.java:619)
	at org.springframework.beans.factory.support.AbstractAutowireCapableBeanFactory.createBean(AbstractAutowireCapableBeanFactory.java:542)
	at org.springframework.beans.factory.support.AbstractBeanFactory.lambda$doGetBean$0(AbstractBeanFactory.java:335)
	at org.springframework.beans.factory.support.DefaultSingletonBeanRegistry.getSingleton(DefaultSingletonBeanRegistry.java:234)
	at org.springframework.beans.factory.support.AbstractBeanFactory.doGetBean(AbstractBeanFactory.java:333)
	at org.springframework.beans.factory.support.AbstractBeanFactory.getBean(AbstractBeanFactory.java:208)
	at org.springframework.beans.factory.support.DefaultListableBeanFactory.preInstantiateSingletons(DefaultListableBeanFactory.java:955)
	at org.springframework.context.support.AbstractApplicationContext.finishBeanFactoryInitialization(AbstractApplicationContext.java:918)
	at org.springframework.context.support.AbstractApplicationContext.refresh(AbstractApplicationContext.java:583)
	at org.springframework.boot.web.servlet.context.ServletWebServerApplicationContext.refresh(ServletWebServerApplicationContext.java:145)
	at org.springframework.boot.SpringApplication.refresh(SpringApplication.java:745)
	at org.springframework.boot.SpringApplication.refreshContext(SpringApplication.java:420)
	at org.springframework.boot.SpringApplication.run(SpringApplication.java:307)
	at org.springframework.boot.SpringApplication.run(SpringApplication.java:1317)
	at org.springframework.boot.SpringApplication.run(SpringApplication.java:1306)
	at org.example.gatewayvn.GatewayVnApplication.main(GatewayVnApplication.java:14)
Caused by: java.lang.IllegalArgumentException: Could not resolve placeholder 'gateway.queue.target' in value "${gateway.queue.target}"
	at org.springframework.util.PropertyPlaceholderHelper.parseStringValue(PropertyPlaceholderHelper.java:180)
	at org.springframework.util.PropertyPlaceholderHelper.replacePlaceholders(PropertyPlaceholderHelper.java:126)
	at org.springframework.core.env.AbstractPropertyResolver.doResolvePlaceholders(AbstractPropertyResolver.java:239)
	at org.springframework.core.env.AbstractPropertyResolver.resolveRequiredPlaceholders(AbstractPropertyResolver.java:210)
	at org.springframework.context.support.PropertySourcesPlaceholderConfigurer.lambda$processProperties$0(PropertySourcesPlaceholderConfigurer.java:191)
	at org.springframework.beans.factory.support.AbstractBeanFactory.resolveEmbeddedValue(AbstractBeanFactory.java:936)
	at org.springframework.beans.factory.support.DefaultListableBeanFactory.doResolveDependency(DefaultListableBeanFactory.java:1332)
	at org.springframework.beans.factory.support.DefaultListableBeanFactory.resolveDependency(DefaultListableBeanFactory.java:1311)
	at org.springframework.beans.factory.annotation.AutowiredAnnotationBeanPostProcessor$AutowiredFieldElement.resolveFieldValue(AutowiredAnnotationBeanPostProcessor.java:656)
	at org.springframework.beans.factory.annotation.AutowiredAnnotationBeanPostProcessor$AutowiredFieldElement.inject(AutowiredAnnotationBeanPostProcessor.java:639)
	at org.springframework.beans.factory.annotation.InjectionMetadata.inject(InjectionMetadata.java:119)
	at org.springframework.beans.factory.annotation.AutowiredAnnotationBeanPostProcessor.postProcessProperties(AutowiredAnnotationBeanPostProcessor.java:399)
	... 17 common frames omitted

2025-05-12 11:14:57.832  INFO 5047 --- [           main] o.e.gatewayvn.GatewayVnApplication       : Starting GatewayVnApplication using Java 1.8.0_371 on dafenqidebijibendiannao.local with PID 5047 (/Users/work/zsz/gateway-vn/gateway-vn/target/classes started by dafenqi in /Users/work/zsz/gateway-vn/gateway-vn)
2025-05-12 11:14:57.835  INFO 5047 --- [           main] o.e.gatewayvn.GatewayVnApplication       : No active profile set, falling back to 1 default profile: "default"
2025-05-12 11:14:58.790  WARN 5047 --- [           main] o.m.s.mapper.ClassPathMapperScanner      : No MyBatis mapper was found in '[org.example.gatewayvn]' package. Please check your configuration.
2025-05-12 11:14:59.255  INFO 5047 --- [           main] o.s.b.w.embedded.tomcat.TomcatWebServer  : Tomcat initialized with port(s): 1234 (http)
2025-05-12 11:14:59.260  INFO 5047 --- [           main] o.a.coyote.http11.Http11NioProtocol      : Initializing ProtocolHandler ["http-nio-1234"]
2025-05-12 11:14:59.261  INFO 5047 --- [           main] o.apache.catalina.core.StandardService   : Starting service [Tomcat]
2025-05-12 11:14:59.261  INFO 5047 --- [           main] org.apache.catalina.core.StandardEngine  : Starting Servlet engine: [Apache Tomcat/9.0.68]
2025-05-12 11:14:59.403  INFO 5047 --- [           main] o.a.c.c.C.[Tomcat].[localhost].[/]       : Initializing Spring embedded WebApplicationContext
2025-05-12 11:14:59.403  INFO 5047 --- [           main] w.s.c.ServletWebServerApplicationContext : Root WebApplicationContext: initialization completed in 1525 ms
2025-05-12 11:14:59.468  INFO 5047 --- [           main] o.e.g.configuration.ActivemqConfig       : ActiveMQ Queue Name: default-queue-name
2025-05-12 11:14:59.918  INFO 5047 --- [           main] pertySourcedRequestMappingHandlerMapping : Mapped URL path [/v2/api-docs] onto method [springfox.documentation.swagger2.web.Swagger2Controller#getDocumentation(String, HttpServletRequest)]
2025-05-12 11:15:00.250  WARN 5047 --- [           main] ConfigServletWebServerApplicationContext : Exception encountered during context initialization - cancelling refresh attempt: org.springframework.beans.factory.BeanCreationException: Error creating bean with name 'dataSource' defined in class path resource [org/springframework/boot/autoconfigure/jdbc/DataSourceConfiguration$Hikari.class]: Bean instantiation via factory method failed; nested exception is org.springframework.beans.BeanInstantiationException: Failed to instantiate [com.zaxxer.hikari.HikariDataSource]: Factory method 'dataSource' threw exception; nested exception is org.springframework.boot.autoconfigure.jdbc.DataSourceProperties$DataSourceBeanCreationException: Failed to determine a suitable driver class
2025-05-12 11:15:00.256  INFO 5047 --- [           main] o.apache.catalina.core.StandardService   : Stopping service [Tomcat]
2025-05-12 11:15:00.271  INFO 5047 --- [           main] ConditionEvaluationReportLoggingListener : 

Error starting ApplicationContext. To display the conditions report re-run your application with 'debug' enabled.
2025-05-12 11:15:00.282 ERROR 5047 --- [           main] o.s.b.d.LoggingFailureAnalysisReporter   : 

***************************
APPLICATION FAILED TO START
***************************

Description:

Failed to configure a DataSource: 'url' attribute is not specified and no embedded datasource could be configured.

Reason: Failed to determine a suitable driver class


Action:

Consider the following:
	If you want an embedded database (H2, HSQL or Derby), please put it on the classpath.
	If you have database settings to be loaded from a particular profile you may need to activate it (no profiles are currently active).

2025-05-12 11:17:17.714  INFO 6083 --- [           main] o.e.gatewayvn.GatewayVnApplication       : Starting GatewayVnApplication using Java 1.8.0_371 on dafenqidebijibendiannao.local with PID 6083 (/Users/work/zsz/gateway-vn/gateway-vn/target/classes started by dafenqi in /Users/work/zsz/gateway-vn/gateway-vn)
2025-05-12 11:17:17.716  INFO 6083 --- [           main] o.e.gatewayvn.GatewayVnApplication       : No active profile set, falling back to 1 default profile: "default"
2025-05-12 11:17:19.040  INFO 6083 --- [           main] o.s.b.w.embedded.tomcat.TomcatWebServer  : Tomcat initialized with port(s): 1234 (http)
2025-05-12 11:17:19.047  INFO 6083 --- [           main] o.a.coyote.http11.Http11NioProtocol      : Initializing ProtocolHandler ["http-nio-1234"]
2025-05-12 11:17:19.048  INFO 6083 --- [           main] o.apache.catalina.core.StandardService   : Starting service [Tomcat]
2025-05-12 11:17:19.048  INFO 6083 --- [           main] org.apache.catalina.core.StandardEngine  : Starting Servlet engine: [Apache Tomcat/9.0.68]
2025-05-12 11:17:19.189  INFO 6083 --- [           main] o.a.c.c.C.[Tomcat].[localhost].[/]       : Initializing Spring embedded WebApplicationContext
2025-05-12 11:17:19.189  INFO 6083 --- [           main] w.s.c.ServletWebServerApplicationContext : Root WebApplicationContext: initialization completed in 1427 ms
2025-05-12 11:17:19.267  INFO 6083 --- [           main] o.e.g.configuration.ActivemqConfig       : ActiveMQ Queue Name: default-queue-name
2025-05-12 11:17:19.693  INFO 6083 --- [           main] pertySourcedRequestMappingHandlerMapping : Mapped URL path [/v2/api-docs] onto method [springfox.documentation.swagger2.web.Swagger2Controller#getDocumentation(String, HttpServletRequest)]
2025-05-12 11:17:20.075  INFO 6083 --- [           main] o.a.coyote.http11.Http11NioProtocol      : Starting ProtocolHandler ["http-nio-1234"]
2025-05-12 11:17:20.096  INFO 6083 --- [           main] o.s.b.w.embedded.tomcat.TomcatWebServer  : Tomcat started on port(s): 1234 (http) with context path ''
2025-05-12 11:17:20.098  INFO 6083 --- [           main] d.s.w.p.DocumentationPluginsBootstrapper : Context refreshed
2025-05-12 11:17:20.108  INFO 6083 --- [           main] d.s.w.p.DocumentationPluginsBootstrapper : Found 1 custom documentation plugin(s)
2025-05-12 11:17:20.110  WARN 6083 --- [           main] ConfigServletWebServerApplicationContext : Exception encountered during context initialization - cancelling refresh attempt: org.springframework.context.ApplicationContextException: Failed to start bean 'documentationPluginsBootstrapper'; nested exception is java.lang.NullPointerException
2025-05-12 11:17:22.125  INFO 6083 --- [           main] o.a.coyote.http11.Http11NioProtocol      : Pausing ProtocolHandler ["http-nio-1234"]
2025-05-12 11:17:22.126  WARN 6083 --- [           main] org.apache.tomcat.util.net.NioEndpoint   : Failed to unlock acceptor for [http-nio-1234] because the local address was not available
2025-05-12 11:17:22.127  INFO 6083 --- [           main] o.apache.catalina.core.StandardService   : Stopping service [Tomcat]
2025-05-12 11:17:22.136 ERROR 6083 --- [http-nio-1234-Acceptor] org.apache.tomcat.util.net.Acceptor      : Socket accept failed

java.nio.channels.AsynchronousCloseException: null
	at java.nio.channels.spi.AbstractInterruptibleChannel.end(AbstractInterruptibleChannel.java:205)
	at sun.nio.ch.ServerSocketChannelImpl.accept(ServerSocketChannelImpl.java:259)
	at org.apache.tomcat.util.net.NioEndpoint.serverSocketAccept(NioEndpoint.java:547)
	at org.apache.tomcat.util.net.NioEndpoint.serverSocketAccept(NioEndpoint.java:79)
	at org.apache.tomcat.util.net.Acceptor.run(Acceptor.java:129)
	at java.lang.Thread.run(Thread.java:750)

2025-05-12 11:17:22.145  INFO 6083 --- [           main] o.a.coyote.http11.Http11NioProtocol      : Stopping ProtocolHandler ["http-nio-1234"]
2025-05-12 11:17:22.150  INFO 6083 --- [           main] o.a.coyote.http11.Http11NioProtocol      : Destroying ProtocolHandler ["http-nio-1234"]
2025-05-12 11:17:22.159  INFO 6083 --- [           main] ConditionEvaluationReportLoggingListener : 

Error starting ApplicationContext. To display the conditions report re-run your application with 'debug' enabled.
2025-05-12 11:17:22.173 ERROR 6083 --- [           main] o.s.boot.SpringApplication               : Application run failed

org.springframework.context.ApplicationContextException: Failed to start bean 'documentationPluginsBootstrapper'; nested exception is java.lang.NullPointerException
	at org.springframework.context.support.DefaultLifecycleProcessor.doStart(DefaultLifecycleProcessor.java:181)
	at org.springframework.context.support.DefaultLifecycleProcessor.access$200(DefaultLifecycleProcessor.java:54)
	at org.springframework.context.support.DefaultLifecycleProcessor$LifecycleGroup.start(DefaultLifecycleProcessor.java:356)
	at java.lang.Iterable.forEach(Iterable.java:75)
	at org.springframework.context.support.DefaultLifecycleProcessor.startBeans(DefaultLifecycleProcessor.java:155)
	at org.springframework.context.support.DefaultLifecycleProcessor.onRefresh(DefaultLifecycleProcessor.java:123)
	at org.springframework.context.support.AbstractApplicationContext.finishRefresh(AbstractApplicationContext.java:935)
	at org.springframework.context.support.AbstractApplicationContext.refresh(AbstractApplicationContext.java:586)
	at org.springframework.boot.web.servlet.context.ServletWebServerApplicationContext.refresh(ServletWebServerApplicationContext.java:145)
	at org.springframework.boot.SpringApplication.refresh(SpringApplication.java:745)
	at org.springframework.boot.SpringApplication.refreshContext(SpringApplication.java:420)
	at org.springframework.boot.SpringApplication.run(SpringApplication.java:307)
	at org.springframework.boot.SpringApplication.run(SpringApplication.java:1317)
	at org.springframework.boot.SpringApplication.run(SpringApplication.java:1306)
	at org.example.gatewayvn.GatewayVnApplication.main(GatewayVnApplication.java:14)
Caused by: java.lang.NullPointerException: null
	at springfox.documentation.spi.service.contexts.Orderings$8.compare(Orderings.java:112)
	at springfox.documentation.spi.service.contexts.Orderings$8.compare(Orderings.java:109)
	at com.google.common.collect.ComparatorOrdering.compare(ComparatorOrdering.java:37)
	at java.util.TimSort.countRunAndMakeAscending(TimSort.java:355)
	at java.util.TimSort.sort(TimSort.java:220)
	at java.util.Arrays.sort(Arrays.java:1438)
	at com.google.common.collect.Ordering.sortedCopy(Ordering.java:855)
	at springfox.documentation.spring.web.plugins.WebMvcRequestHandlerProvider.requestHandlers(WebMvcRequestHandlerProvider.java:57)
	at springfox.documentation.spring.web.plugins.DocumentationPluginsBootstrapper$2.apply(DocumentationPluginsBootstrapper.java:138)
	at springfox.documentation.spring.web.plugins.DocumentationPluginsBootstrapper$2.apply(DocumentationPluginsBootstrapper.java:135)
	at com.google.common.collect.Iterators$7.transform(Iterators.java:750)
	at com.google.common.collect.TransformedIterator.next(TransformedIterator.java:47)
	at com.google.common.collect.TransformedIterator.next(TransformedIterator.java:47)
	at com.google.common.collect.MultitransformedIterator.hasNext(MultitransformedIterator.java:52)
	at com.google.common.collect.MultitransformedIterator.hasNext(MultitransformedIterator.java:50)
	at com.google.common.collect.ImmutableList.copyOf(ImmutableList.java:249)
	at com.google.common.collect.ImmutableList.copyOf(ImmutableList.java:209)
	at com.google.common.collect.FluentIterable.toList(FluentIterable.java:614)
	at springfox.documentation.spring.web.plugins.DocumentationPluginsBootstrapper.defaultContextBuilder(DocumentationPluginsBootstrapper.java:111)
	at springfox.documentation.spring.web.plugins.DocumentationPluginsBootstrapper.buildContext(DocumentationPluginsBootstrapper.java:96)
	at springfox.documentation.spring.web.plugins.DocumentationPluginsBootstrapper.start(DocumentationPluginsBootstrapper.java:167)
	at org.springframework.context.support.DefaultLifecycleProcessor.doStart(DefaultLifecycleProcessor.java:178)
	... 14 common frames omitted

2025-05-12 13:13:38.923  INFO 9217 --- [           main] o.e.gatewayvn.GatewayVnApplication       : Starting GatewayVnApplication using Java 1.8.0_371 on dafenqidebijibendiannao.local with PID 9217 (/Users/work/zsz/gateway-vn/gateway-vn/target/classes started by dafenqi in /Users/work/zsz/gateway-vn/gateway-vn)
2025-05-12 13:13:38.926  INFO 9217 --- [           main] o.e.gatewayvn.GatewayVnApplication       : No active profile set, falling back to 1 default profile: "default"
2025-05-12 13:13:40.089  INFO 9217 --- [           main] o.s.b.w.embedded.tomcat.TomcatWebServer  : Tomcat initialized with port(s): 1234 (http)
2025-05-12 13:13:40.097  INFO 9217 --- [           main] o.a.coyote.http11.Http11NioProtocol      : Initializing ProtocolHandler ["http-nio-1234"]
2025-05-12 13:13:40.097  INFO 9217 --- [           main] o.apache.catalina.core.StandardService   : Starting service [Tomcat]
2025-05-12 13:13:40.098  INFO 9217 --- [           main] org.apache.catalina.core.StandardEngine  : Starting Servlet engine: [Apache Tomcat/9.0.68]
2025-05-12 13:13:40.274  INFO 9217 --- [           main] o.a.c.c.C.[Tomcat].[localhost].[/]       : Initializing Spring embedded WebApplicationContext
2025-05-12 13:13:40.274  INFO 9217 --- [           main] w.s.c.ServletWebServerApplicationContext : Root WebApplicationContext: initialization completed in 1295 ms
2025-05-12 13:13:40.384  INFO 9217 --- [           main] o.e.g.configuration.ActivemqConfig       : ActiveMQ Queue Name: default-queue-name
2025-05-12 13:13:40.799  INFO 9217 --- [           main] o.a.coyote.http11.Http11NioProtocol      : Starting ProtocolHandler ["http-nio-1234"]
2025-05-12 13:13:40.818  INFO 9217 --- [           main] o.s.b.w.embedded.tomcat.TomcatWebServer  : Tomcat started on port(s): 1234 (http) with context path ''
2025-05-12 13:13:40.829  INFO 9217 --- [           main] o.e.gatewayvn.GatewayVnApplication       : Started GatewayVnApplication in 2.465 seconds (JVM running for 3.387)
