2025-05-30 14:29:34.004  INFO 94408 --- [           main] o.e.gatewayvn.GatewayVnApplication       : Starting GatewayVnApplication using Java 1.8.0_371 on dafenqidebijibendiannao.local with PID 94408 (/Users/work/zsz/gateway-vn/gateway-vn/target/classes started by dafenqi in /Users/work/zsz/gateway-vn/gateway-vn)
2025-05-30 14:29:34.009  INFO 94408 --- [           main] o.e.gatewayvn.GatewayVnApplication       : No active profile set, falling back to 1 default profile: "default"
2025-05-30 14:29:35.442  INFO 94408 --- [           main] o.s.b.w.embedded.tomcat.TomcatWebServer  : Tomcat initialized with port(s): 1234 (http)
2025-05-30 14:29:35.451  INFO 94408 --- [           main] o.a.coyote.http11.Http11NioProtocol      : Initializing ProtocolHandler ["http-nio-1234"]
2025-05-30 14:29:35.452  INFO 94408 --- [           main] o.apache.catalina.core.StandardService   : Starting service [Tomcat]
2025-05-30 14:29:35.452  INFO 94408 --- [           main] org.apache.catalina.core.StandardEngine  : Starting Servlet engine: [Apache Tomcat/9.0.68]
2025-05-30 14:29:35.667  INFO 94408 --- [           main] o.a.c.c.C.[Tomcat].[localhost].[/]       : Initializing Spring embedded WebApplicationContext
2025-05-30 14:29:35.668  INFO 94408 --- [           main] w.s.c.ServletWebServerApplicationContext : Root WebApplicationContext: initialization completed in 1599 ms
2025-05-30 14:29:35.764  INFO 94408 --- [           main] o.e.g.configuration.ActivemqConfig       : ActiveMQ Queue Name: default-queue-name
2025-05-30 14:29:36.323  INFO 94408 --- [           main] o.a.coyote.http11.Http11NioProtocol      : Starting ProtocolHandler ["http-nio-1234"]
2025-05-30 14:29:36.345  WARN 94408 --- [           main] ConfigServletWebServerApplicationContext : Exception encountered during context initialization - cancelling refresh attempt: org.springframework.context.ApplicationContextException: Failed to start bean 'webServerStartStop'; nested exception is org.springframework.boot.web.server.PortInUseException: Port 1234 is already in use
2025-05-30 14:29:36.358  INFO 94408 --- [           main] o.a.coyote.http11.Http11NioProtocol      : Pausing ProtocolHandler ["http-nio-1234"]
2025-05-30 14:29:36.359  INFO 94408 --- [           main] o.apache.catalina.core.StandardService   : Stopping service [Tomcat]
2025-05-30 14:29:36.496  INFO 94408 --- [           main] o.a.coyote.http11.Http11NioProtocol      : Stopping ProtocolHandler ["http-nio-1234"]
2025-05-30 14:29:36.498  INFO 94408 --- [           main] o.a.coyote.http11.Http11NioProtocol      : Destroying ProtocolHandler ["http-nio-1234"]
2025-05-30 14:29:36.524  INFO 94408 --- [           main] ConditionEvaluationReportLoggingListener : 

Error starting ApplicationContext. To display the conditions report re-run your application with 'debug' enabled.
2025-05-30 14:29:36.551 ERROR 94408 --- [           main] o.s.b.d.LoggingFailureAnalysisReporter   : 

***************************
APPLICATION FAILED TO START
***************************

Description:

Web server failed to start. Port 1234 was already in use.

Action:

Identify and stop the process that's listening on port 1234 or configure this application to listen on another port.

2025-05-30 14:29:58.530  INFO 94582 --- [           main] o.e.gatewayvn.GatewayVnApplication       : Starting GatewayVnApplication using Java 1.8.0_371 on dafenqidebijibendiannao.local with PID 94582 (/Users/work/zsz/gateway-vn/gateway-vn/target/classes started by dafenqi in /Users/work/zsz/gateway-vn/gateway-vn)
2025-05-30 14:29:58.535  INFO 94582 --- [           main] o.e.gatewayvn.GatewayVnApplication       : No active profile set, falling back to 1 default profile: "default"
2025-05-30 14:30:00.000  INFO 94582 --- [           main] o.s.b.w.embedded.tomcat.TomcatWebServer  : Tomcat initialized with port(s): 1234 (http)
2025-05-30 14:30:00.009  INFO 94582 --- [           main] o.a.coyote.http11.Http11NioProtocol      : Initializing ProtocolHandler ["http-nio-1234"]
2025-05-30 14:30:00.009  INFO 94582 --- [           main] o.apache.catalina.core.StandardService   : Starting service [Tomcat]
2025-05-30 14:30:00.010  INFO 94582 --- [           main] org.apache.catalina.core.StandardEngine  : Starting Servlet engine: [Apache Tomcat/9.0.68]
2025-05-30 14:30:00.236  INFO 94582 --- [           main] o.a.c.c.C.[Tomcat].[localhost].[/]       : Initializing Spring embedded WebApplicationContext
2025-05-30 14:30:00.236  INFO 94582 --- [           main] w.s.c.ServletWebServerApplicationContext : Root WebApplicationContext: initialization completed in 1637 ms
2025-05-30 14:30:00.355  INFO 94582 --- [           main] o.e.g.configuration.ActivemqConfig       : ActiveMQ Queue Name: default-queue-name
2025-05-30 14:30:00.978  INFO 94582 --- [           main] o.a.coyote.http11.Http11NioProtocol      : Starting ProtocolHandler ["http-nio-1234"]
2025-05-30 14:30:00.995  WARN 94582 --- [           main] ConfigServletWebServerApplicationContext : Exception encountered during context initialization - cancelling refresh attempt: org.springframework.context.ApplicationContextException: Failed to start bean 'webServerStartStop'; nested exception is org.springframework.boot.web.server.PortInUseException: Port 1234 is already in use
2025-05-30 14:30:01.087  INFO 94582 --- [           main] o.a.coyote.http11.Http11NioProtocol      : Pausing ProtocolHandler ["http-nio-1234"]
2025-05-30 14:30:01.089  INFO 94582 --- [           main] o.apache.catalina.core.StandardService   : Stopping service [Tomcat]
2025-05-30 14:30:01.113  INFO 94582 --- [           main] o.a.coyote.http11.Http11NioProtocol      : Stopping ProtocolHandler ["http-nio-1234"]
2025-05-30 14:30:01.115  INFO 94582 --- [           main] o.a.coyote.http11.Http11NioProtocol      : Destroying ProtocolHandler ["http-nio-1234"]
2025-05-30 14:30:01.140  INFO 94582 --- [           main] ConditionEvaluationReportLoggingListener : 

Error starting ApplicationContext. To display the conditions report re-run your application with 'debug' enabled.
2025-05-30 14:30:01.158 ERROR 94582 --- [           main] o.s.b.d.LoggingFailureAnalysisReporter   : 

***************************
APPLICATION FAILED TO START
***************************

Description:

Web server failed to start. Port 1234 was already in use.

Action:

Identify and stop the process that's listening on port 1234 or configure this application to listen on another port.

2025-05-30 14:30:18.651  INFO 94627 --- [           main] o.e.gatewayvn.GatewayVnApplication       : Starting GatewayVnApplication using Java 1.8.0_371 on dafenqidebijibendiannao.local with PID 94627 (/Users/work/zsz/gateway-vn/gateway-vn/target/classes started by dafenqi in /Users/work/zsz/gateway-vn/gateway-vn)
2025-05-30 14:30:18.655  INFO 94627 --- [           main] o.e.gatewayvn.GatewayVnApplication       : No active profile set, falling back to 1 default profile: "default"
2025-05-30 14:30:19.900  INFO 94627 --- [           main] o.s.b.w.embedded.tomcat.TomcatWebServer  : Tomcat initialized with port(s): 15008 (http)
2025-05-30 14:30:19.908  INFO 94627 --- [           main] o.a.coyote.http11.Http11NioProtocol      : Initializing ProtocolHandler ["http-nio-15008"]
2025-05-30 14:30:19.909  INFO 94627 --- [           main] o.apache.catalina.core.StandardService   : Starting service [Tomcat]
2025-05-30 14:30:19.909  INFO 94627 --- [           main] org.apache.catalina.core.StandardEngine  : Starting Servlet engine: [Apache Tomcat/9.0.68]
2025-05-30 14:30:20.106  INFO 94627 --- [           main] o.a.c.c.C.[Tomcat].[localhost].[/]       : Initializing Spring embedded WebApplicationContext
2025-05-30 14:30:20.106  INFO 94627 --- [           main] w.s.c.ServletWebServerApplicationContext : Root WebApplicationContext: initialization completed in 1399 ms
2025-05-30 14:30:20.210  INFO 94627 --- [           main] o.e.g.configuration.ActivemqConfig       : ActiveMQ Queue Name: default-queue-name
2025-05-30 14:30:20.732  INFO 94627 --- [           main] o.a.coyote.http11.Http11NioProtocol      : Starting ProtocolHandler ["http-nio-15008"]
2025-05-30 14:30:20.852  INFO 94627 --- [           main] o.s.b.w.embedded.tomcat.TomcatWebServer  : Tomcat started on port(s): 15008 (http) with context path ''
2025-05-30 14:30:20.887  INFO 94627 --- [           main] o.e.gatewayvn.GatewayVnApplication       : Started GatewayVnApplication in 2.783 seconds (JVM running for 3.888)
2025-05-30 14:36:09.305  INFO 94627 --- [http-nio-15008-exec-2] o.a.c.c.C.[Tomcat].[localhost].[/]       : Initializing Spring DispatcherServlet 'dispatcherServlet'
2025-05-30 14:36:09.307  INFO 94627 --- [http-nio-15008-exec-2] o.s.web.servlet.DispatcherServlet        : Initializing Servlet 'dispatcherServlet'
2025-05-30 14:36:09.313  INFO 94627 --- [http-nio-15008-exec-2] o.s.web.servlet.DispatcherServlet        : Completed initialization in 6 ms
2025-05-30 14:36:09.421  INFO 94627 --- [http-nio-15008-exec-2] o.e.gatewayvn.controller.DataController  : 接收到捷普特油墨数据: {userInfo={machineCode=code1, deviceModel=TWE, sn=12345678, ip=127.0.0.1, productCode=pcode1, projectName=projcet1, shiftName=白班, factory=F7, processName=IR油墨印刷效果, checkName=IR油墨印刷效果, tester=张三, timeScope=14：00-16：00, FAI=FAI, lineId=OQC03, testResult=pass}, result=[{result=pass, test=BatchRxMax, units=nm, value=122.8736, lower_limit=0, upper_limit=370}]}
2025-05-30 14:36:09.750  INFO 94627 --- [http-nio-15008-exec-2] o.e.gatewayvn.controller.DataController  : 消息已发送到队列: queue://jptym_queue
